app/build/outputs/mapping/release/seeds.txt
androidx.core.view.ViewConfigurationCompat$Api26Impl: float getScaledHorizontalScrollFactor(android.view.ViewConfiguration)
androidx.appcompat.view.menu.ListMenuItemView: void setGroupDividerEnabled(boolean)
androidx.appcompat.widget.AppCompatToggleButton: void setBackgroundResource(int)
androidx.lifecycle.EmptyActivityLifecycleCallbacks: void onActivityStopped(android.app.Activity)
androidx.core.util.ObjectsCompat$Api19Impl: boolean equals(java.lang.Object,java.lang.Object)
androidx.appcompat.widget.AppCompatTextView: void setBackgroundResource(int)
androidx.appcompat.view.WindowCallbackWrapper$Api24Impl: void onProvideKeyboardShortcuts(android.view.Window$Callback,java.util.List,android.view.Menu,int)
androidx.core.view.ViewCompat$Api30Impl: java.lang.CharSequence getStateDescription(android.view.View)
androidx.core.app.RemoteActionCompatParcelizer: void write(androidx.core.app.RemoteActionCompat,androidx.versionedparcelable.VersionedParcel)
androidx.core.view.ViewCompat$Api31Impl: void setOnReceiveContentListener(android.view.View,java.lang.String[],androidx.core.view.OnReceiveContentListener)
androidx.appcompat.widget.Toolbar: int getTitleMarginEnd()
androidx.appcompat.widget.Toolbar: int getContentInsetEndWithActions()
androidx.appcompat.widget.Toolbar: int getTitleMarginTop()
androidx.core.os.BundleApi21ImplKt: void putSizeF(android.os.Bundle,java.lang.String,android.util.SizeF)
androidx.appcompat.widget.AppCompatToggleButton: void setSupportCompoundDrawablesTintMode(android.graphics.PorterDuff$Mode)
androidx.appcompat.widget.ActionBarContextView: int getAnimatedVisibility()
androidx.appcompat.widget.AppCompatTextView: void setSupportCompoundDrawablesTintMode(android.graphics.PorterDuff$Mode)
androidx.core.view.WindowInsetsCompat$Impl29: androidx.core.view.WindowInsetsCompat inset(int,int,int,int)
androidx.appcompat.widget.SearchView: int getMaxWidth()
androidx.appcompat.widget.AppCompatImageButton: android.graphics.PorterDuff$Mode getSupportImageTintMode()
androidx.appcompat.widget.MenuPopupWindow$MenuDropDownListView: void setSelector(android.graphics.drawable.Drawable)
androidx.profileinstaller.ProfileInstallerInitializer: ProfileInstallerInitializer()
androidx.compose.ui.platform.ComposeView: boolean getShouldCreateCompositionOnAttachedToWindow()
androidx.core.view.ViewParentCompat$Api21Impl: boolean onNestedFling(android.view.ViewParent,android.view.View,float,float,boolean)
androidx.biometric.BiometricManager$Api29Impl: android.hardware.biometrics.BiometricManager create(android.content.Context)
androidx.compose.foundation.Api31Impl: float getDistance(android.widget.EdgeEffect)
androidx.core.view.ViewCompat$Api29Impl: void saveAttributeDataForStyleable(android.view.View,android.content.Context,int[],android.util.AttributeSet,android.content.res.TypedArray,int,int)
androidx.appcompat.widget.AppCompatCheckBox: void setAllCaps(boolean)
androidx.core.view.ViewCompat$Api21Impl: void setZ(android.view.View,float)
androidx.core.view.WindowInsetsCompat$Impl21: boolean isConsumed()
androidx.appcompat.widget.AppCompatTextView: void setFilters(android.text.InputFilter[])
androidx.core.widget.TextViewCompat$Api23Impl: int getBreakStrategy(android.widget.TextView)
androidx.core.widget.EdgeEffectCompat$Api21Impl: void onPull(android.widget.EdgeEffect,float,float)
androidx.core.view.ViewCompat$Api23Impl: androidx.core.view.WindowInsetsCompat getRootWindowInsets(android.view.View)
androidx.core.view.MarginLayoutParamsCompat$Api17Impl: void setMarginEnd(android.view.ViewGroup$MarginLayoutParams,int)
androidx.appcompat.widget.AppCompatEditText: androidx.appcompat.widget.AppCompatEditText$SuperCaller getSuperCaller()
androidx.core.widget.CompoundButtonCompat$Api21Impl: void setButtonTintMode(android.widget.CompoundButton,android.graphics.PorterDuff$Mode)
androidx.compose.ui.graphics.CanvasZHelper: void enableZ(android.graphics.Canvas,boolean)