app/build/outputs/mapping/release/usage.txt
androidx.compose.ui.text.intl.PlatformLocale
androidx.compose.ui.text.intl.PlatformLocaleDelegate
androidx.compose.ui.text.platform.AndroidParagraphHelper_androidKt:
    public static final boolean isIncludeFontPaddingEnabled(androidx.compose.ui.text.TextStyle)
androidx.compose.ui.text.platform.AndroidParagraphIntrinsics$resolveTypeface$1:
    public static android.graphics.Typeface invoke-DPcqOEQ()
androidx.compose.ui.text.platform.AndroidParagraphIntrinsics:
    public static java.lang.CharSequence getCharSequence$ui_text_release()
    public static androidx.compose.ui.text.font.FontFamily$Resolver getFontFamilyResolver()
    public static androidx.compose.ui.text.android.LayoutIntrinsics getLayoutIntrinsics$ui_text_release()
    public static androidx.compose.ui.text.TextStyle getStyle()
    public static int getTextDirectionHeuristic$ui_text_release()
    public static androidx.compose.ui.text.platform.AndroidTextPaint getTextPaint$ui_text_release()
androidx.compose.ui.text.platform.AndroidParagraphIntrinsics_androidKt
androidx.compose.ui.text.platform.AndroidParagraph_androidKt
androidx.compose.ui.text.platform.AndroidTextPaint:
    public static int getBlendMode-0nO6VwU()
    public final void setBlendMode-s9anfk8(int)
    public final void setColor-8_81llA(long)
androidx.compose.ui.text.platform.AndroidTextPaint_androidKt
androidx.compose.ui.text.platform.AndroidTypeface
androidx.compose.ui.text.platform.Api28Impl
androidx.compose.ui.text.platform.DefaultImpl:
    public final androidx.compose.runtime.State getFontLoaded()
androidx.compose.ui.text.platform.EmojiCompatStatus:
    public static final androidx.compose.ui.text.platform.EmojiCompatStatus INSTANCE
    public final androidx.compose.runtime.State getFontLoaded()
androidx.compose.ui.text.platform.EmojiCompatStatusDelegate
androidx.compose.ui.text.platform.EmojiCompatStatusKt:
    public static final synthetic androidx.compose.ui.text.platform.ImmutableBool access$getFalsey$p()
androidx.compose.ui.text.platform.ImmutableBool:
    public static java.lang.Boolean getValue()
androidx.compose.ui.text.platform.Synchronization_jvmKt
androidx.compose.ui.text.platform.TypefaceDirtyTrackerLinkedList:
    public static android.graphics.Typeface getTypeface()
androidx.compose.ui.text.platform.URLSpanCache:
    public static final int $stable
    static void <clinit>()
    public static android.text.style.URLSpan toURLSpan()
androidx.compose.ui.text.platform.extensions.LocaleExtensions_androidKt
androidx.compose.ui.text.platform.extensions.PlaceholderExtensions_androidKt$$InternalSyntheticThrowCCEIfNotNull$60$32614fd8d788949766461ebc067dfea79cc99315fa4097a02d518bc6d8b78f1e$0
androidx.compose.ui.text.platform.extensions.PlaceholderExtensions_androidKt
androidx.compose.ui.text.platform.extensions.SpannableExtensions_androidKt$setFontAttributes$1:
    public static void invoke$71()
androidx.compose.ui.text.platform.extensions.SpannableExtensions_androidKt:
    public static final void setBackground-RPmYEkk(android.text.Spannable,long,int,int)
    public static final void setLocaleList(android.text.Spannable,androidx.compose.ui.text.intl.LocaleList,int,int)
    public static final void setSpan(android.text.Spannable,java.lang.Object,int,int)
androidx.compose.ui.text.platform.extensions.TextPaintExtensions_androidKt:
    public static final float correctBlurRadius(float)
androidx.compose.ui.text.platform.extensions.TtsAnnotationExtensions_androidKt
androidx.compose.ui.text.platform.style.ShaderBrushSpan:
    public static void setSize-uvyYCjk()
androidx.compose.ui.text.style.BaselineShift$Companion
androidx.compose.ui.text.style.BaselineShift:
    public static final androidx.compose.ui.text.style.BaselineShift$Companion Companion
    public static final float None
    public static final float Subscript
    public static final float Superscript
    static void <clinit>()
    public static final synthetic float access$getNone$cp()
    public static synthetic float unbox-impl()